<?xml version="1.0" encoding="UTF-8"?>
<!-- Generated by org.testng.reporters.JUnitXMLReporter -->
<testsuite ignored="0" hostname="LAPTOP-CPK9UGQT" failures="1" tests="2" name="Testcases" time="6.606" errors="0" timestamp="2024-05-25T17:34:45 IST">
  <testcase classname="qa.testcases.Search" name="searchitem" time="0.044">
    <failure type="java.lang.IllegalArgumentException" message="Keys to send should be a not null CharSequence">
      <![CDATA[java.lang.IllegalArgumentException: Keys to send should be a not null CharSequence
at org.openqa.selenium.remote.RemoteWebElement.sendKeys(RemoteWebElement.java:96)
at org.openqa.selenium.support.pagefactory.internal.LocatingElementHandler.invoke(LocatingElementHandler.java:51)
at jdk.proxy2/jdk.proxy2.$Proxy14.sendKeys(Unknown Source)
at qa.pages.searchpage.searchtext(searchpage.java:27)
at qa.testcases.Search.searchitem(Search.java:32)
at java.base/java.util.ArrayList.forEach(ArrayList.java:1511)
... Removed 31 stack frames]]>
    </failure>
  </testcase> <!-- searchitem -->
  <testcase classname="qa.testcases.Search" name="invalidSearchitem" time="0.388"/>
</testsuite> <!-- Testcases -->
