<?xml version="1.0" encoding="UTF-8"?>
<!-- Generated by org.testng.reporters.JUnitXMLReporter -->
<testsuite ignored="0" hostname="LAPTOP-CPK9UGQT" failures="0" tests="6" name="Testcases" time="26.875" errors="0" timestamp="2024-05-25T18:09:27 IST">
  <testcase classname="qa.testcases.SearchTest" name="searchitem" time="0.514"/>
  <testcase classname="qa.testcases.SearchTest" name="invalidSearchitem" time="0.437"/>
  <testcase classname="qa.testcases.LoginTest" name="login" time="1.468"/>
  <testcase classname="qa.testcases.LoginTest" name="login" time="1.42"/>
  <testcase classname="qa.testcases.LoginTest" name="login" time="1.384"/>
  <testcase classname="qa.testcases.LoginTest" name="loginwithInvalidCredentials" time="1.384"/>
</testsuite> <!-- Testcases -->
